{"@timestamp":"2022-06-08 17:33:27","level":"info","content":"NewComm, Config: {KafkaConfig:{IP:43.154.179.47:9117} NetServerType:KAFKA SerialType:PROTOBUF}\n"}
{"@timestamp":"2022-06-08 17:33:27","level":"info","content":"KafkaServer.Init, config: {IP:43.154.179.47:9117}\n"}
{"@timestamp":"2022-06-08 17:33:27","level":"info","content":"KafkaServer.InitKafkaApi"}
{"@timestamp":"2022-06-08 17:33:28","level":"info","content":"KafkaServer.InitListenPubChan"}
{"@timestamp":"2022-06-08 17:33:28","level":"info","content":"[S] DBServer start_listen_recvdata"}
{"@timestamp":"2022-06-08 17:33:28","level":"info","content":"[S] DBServer start_receiver Over!"}
{"@timestamp":"2022-06-08 17:33:28","level":"info","content":"CurrConsumeSet: map[]"}
{"@timestamp":"2022-06-08 17:33:28","level":"info","content":"ConsumeSet is Empty!"}
{"@timestamp":"2022-06-08 17:33:28","level":"info","content":"[I] InitMeta: {map[] map[BTC_USD:map[_bcts_:{}] BTC_USDT:map[_bcts_:{}] ETH_USD:map[_bcts_:{}] ETH_USDT:map[_bcts_:{}] USD_USDT:map[_bcts_:{}]] map[BTC_USD:map[_bcts_:{}] BTC_USDT:map[_bcts_:{}] ETH_USD:map[_bcts_:{}] ETH_USDT:map[_bcts_:{}] USD_USDT:map[_bcts_:{}]]} \n"}
{"@timestamp":"2022-06-08 17:33:28","level":"info","content":"Commer Update MetaData"}
{"@timestamp":"2022-06-08 17:33:28","level":"info","content":"---- StatisticTimeTask Start!"}
{"@timestamp":"2022-06-08 17:33:28","level":"info","content":"UpdateMetaData: DepthMetaInfo: \nKlineMeta: BTC_USD \n_bcts_ \nETH_USD \n_bcts_ \nBTC_USDT \n_bcts_ \nETH_USDT \n_bcts_ \nUSD_USDT \n_bcts_ \n\nTradeMeta: ETH_USD \n_bcts_ \nBTC_USDT \n_bcts_ \nETH_USDT \n_bcts_ \nUSD_USDT \n_bcts_ \nBTC_USD \n_bcts_ \n\n"}
{"@timestamp":"2022-06-08 17:33:28","level":"info","content":"NewTopicSet: map[KLINE.BTC_USD._bcts_:0xc000130450 KLINE.BTC_USDT._bcts_:0xc0001303c0 KLINE.ETH_USD._bcts_:0xc000130480 KLINE.ETH_USDT._bcts_:0xc0001303f0 KLINE.USD_USDT._bcts_:0xc000130420 TRADE.BTC_USD._bcts_:0xc000130540 TRADE.BTC_USDT._bcts_:0xc0001304b0 TRADE.ETH_USD._bcts_:0xc000130570 TRADE.ETH_USDT._bcts_:0xc0001304e0 TRADE.USD_USDT._bcts_:0xc000130510]"}
{"@timestamp":"2022-06-08 17:33:28","level":"info","content":"Start Consume Topic: KLINE.BTC_USD._bcts_"}
{"@timestamp":"2022-06-08 17:33:28","level":"info","content":"Start Consume Topic: TRADE.BTC_USDT._bcts_"}
{"@timestamp":"2022-06-08 17:33:28","level":"info","content":"Start Consume Topic: TRADE.USD_USDT._bcts_"}
{"@timestamp":"2022-06-08 17:33:28","level":"info","content":"Start Consume Topic: TRADE.BTC_USD._bcts_"}
{"@timestamp":"2022-06-08 17:33:28","level":"info","content":"Start Consume Topic: KLINE.BTC_USDT._bcts_"}
{"@timestamp":"2022-06-08 17:33:28","level":"info","content":"Start Consume Topic: KLINE.ETH_USDT._bcts_"}
{"@timestamp":"2022-06-08 17:33:28","level":"info","content":"Start Consume Topic: KLINE.USD_USDT._bcts_"}
{"@timestamp":"2022-06-08 17:33:28","level":"info","content":"Start Consume Topic: KLINE.ETH_USD._bcts_"}
{"@timestamp":"2022-06-08 17:33:28","level":"info","content":"Start Consume Topic: TRADE.ETH_USDT._bcts_"}
{"@timestamp":"2022-06-08 17:33:28","level":"info","content":"Start Consume Topic: TRADE.ETH_USD._bcts_"}
{"@timestamp":"2022-06-08 17:33:28","level":"info","content":"Add Consume Topic: KLINE.USD_USDT._bcts_"}
{"@timestamp":"2022-06-08 17:33:28","level":"info","content":"Add Consume Topic: KLINE.ETH_USD._bcts_"}
{"@timestamp":"2022-06-08 17:33:28","level":"info","content":"Add Consume Topic: TRADE.BTC_USD._bcts_"}
{"@timestamp":"2022-06-08 17:33:28","level":"info","content":"Add Consume Topic: TRADE.ETH_USD._bcts_"}
{"@timestamp":"2022-06-08 17:33:28","level":"info","content":"Add Consume Topic: KLINE.BTC_USD._bcts_"}
{"@timestamp":"2022-06-08 17:33:28","level":"info","content":"Add Consume Topic: TRADE.BTC_USDT._bcts_"}
{"@timestamp":"2022-06-08 17:33:28","level":"info","content":"Add Consume Topic: KLINE.BTC_USDT._bcts_"}
{"@timestamp":"2022-06-08 17:33:28","level":"info","content":"Add Consume Topic: TRADE.ETH_USDT._bcts_"}
{"@timestamp":"2022-06-08 17:33:28","level":"info","content":"Add Consume Topic: KLINE.ETH_USDT._bcts_"}
{"@timestamp":"2022-06-08 17:33:28","level":"info","content":"Add Consume Topic: TRADE.USD_USDT._bcts_"}
{"@timestamp":"2022-06-08 17:33:45","level":"info","content":"NewComm, Config: {KafkaConfig:{IP:43.154.179.47:9117} NetServerType:KAFKA SerialType:PROTOBUF}\n"}
{"@timestamp":"2022-06-08 17:33:45","level":"info","content":"KafkaServer.Init, config: {IP:43.154.179.47:9117}\n"}
{"@timestamp":"2022-06-08 17:33:45","level":"info","content":"KafkaServer.InitKafkaApi"}
{"@timestamp":"2022-06-08 17:33:45","level":"info","content":"KafkaServer.InitListenPubChan"}
{"@timestamp":"2022-06-08 17:33:45","level":"info","content":"[S] DBServer start_listen_recvdata"}
{"@timestamp":"2022-06-08 17:33:45","level":"info","content":"[S] DBServer start_receiver Over!"}
{"@timestamp":"2022-06-08 17:33:45","level":"info","content":"CurrConsumeSet: map[]"}
{"@timestamp":"2022-06-08 17:33:45","level":"info","content":"ConsumeSet is Empty!"}
{"@timestamp":"2022-06-08 17:33:45","level":"info","content":"[I] InitMeta: {map[] map[BTC_USD:map[_bcts_:{}] BTC_USDT:map[_bcts_:{}] ETH_USD:map[_bcts_:{}] ETH_USDT:map[_bcts_:{}] USD_USDT:map[_bcts_:{}]] map[BTC_USD:map[_bcts_:{}] BTC_USDT:map[_bcts_:{}] ETH_USD:map[_bcts_:{}] ETH_USDT:map[_bcts_:{}] USD_USDT:map[_bcts_:{}]]} \n"}
{"@timestamp":"2022-06-08 17:33:45","level":"info","content":"Commer Update MetaData"}
{"@timestamp":"2022-06-08 17:33:45","level":"info","content":"---- StatisticTimeTask Start!"}
{"@timestamp":"2022-06-08 17:33:45","level":"info","content":"UpdateMetaData: DepthMetaInfo: \nKlineMeta: USD_USDT \n_bcts_ \nBTC_USD \n_bcts_ \nETH_USD \n_bcts_ \nBTC_USDT \n_bcts_ \nETH_USDT \n_bcts_ \n\nTradeMeta: ETH_USDT \n_bcts_ \nUSD_USDT \n_bcts_ \nBTC_USD \n_bcts_ \nETH_USD \n_bcts_ \nBTC_USDT \n_bcts_ \n\n"}
{"@timestamp":"2022-06-08 17:33:45","level":"info","content":"NewTopicSet: map[KLINE.BTC_USD._bcts_:0xc000482c90 KLINE.BTC_USDT._bcts_:0xc000482ae0 KLINE.ETH_USD._bcts_:0xc000482e40 KLINE.ETH_USDT._bcts_:0xc000482b70 KLINE.USD_USDT._bcts_:0xc000482c00 TRADE.BTC_USD._bcts_:0xc000483080 TRADE.BTC_USDT._bcts_:0xc000482ea0 TRADE.ETH_USD._bcts_:0xc000483290 TRADE.ETH_USDT._bcts_:0xc000482f00 TRADE.USD_USDT._bcts_:0xc000482f90]"}
{"@timestamp":"2022-06-08 17:33:45","level":"info","content":"Start Consume Topic: TRADE.BTC_USDT._bcts_"}
{"@timestamp":"2022-06-08 17:33:45","level":"info","content":"Start Consume Topic: TRADE.ETH_USDT._bcts_"}
{"@timestamp":"2022-06-08 17:33:45","level":"info","content":"Start Consume Topic: TRADE.USD_USDT._bcts_"}
{"@timestamp":"2022-06-08 17:33:45","level":"info","content":"Start Consume Topic: KLINE.BTC_USDT._bcts_"}
{"@timestamp":"2022-06-08 17:33:45","level":"info","content":"Start Consume Topic: KLINE.ETH_USDT._bcts_"}
{"@timestamp":"2022-06-08 17:33:45","level":"info","content":"Start Consume Topic: KLINE.USD_USDT._bcts_"}
{"@timestamp":"2022-06-08 17:33:45","level":"info","content":"Start Consume Topic: KLINE.BTC_USD._bcts_"}
{"@timestamp":"2022-06-08 17:33:45","level":"info","content":"Start Consume Topic: KLINE.ETH_USD._bcts_"}
{"@timestamp":"2022-06-08 17:33:45","level":"info","content":"Start Consume Topic: TRADE.BTC_USD._bcts_"}
{"@timestamp":"2022-06-08 17:33:45","level":"info","content":"Start Consume Topic: TRADE.ETH_USD._bcts_"}
{"@timestamp":"2022-06-08 17:33:45","level":"info","content":"Add Consume Topic: KLINE.USD_USDT._bcts_"}
{"@timestamp":"2022-06-08 17:33:45","level":"info","content":"Add Consume Topic: TRADE.BTC_USDT._bcts_"}
{"@timestamp":"2022-06-08 17:33:45","level":"info","content":"Add Consume Topic: TRADE.BTC_USD._bcts_"}
{"@timestamp":"2022-06-08 17:33:45","level":"info","content":"Add Consume Topic: KLINE.ETH_USD._bcts_"}
{"@timestamp":"2022-06-08 17:33:45","level":"info","content":"Add Consume Topic: TRADE.ETH_USDT._bcts_"}
{"@timestamp":"2022-06-08 17:33:45","level":"info","content":"Add Consume Topic: TRADE.ETH_USD._bcts_"}
{"@timestamp":"2022-06-08 17:33:45","level":"info","content":"Add Consume Topic: KLINE.BTC_USDT._bcts_"}
{"@timestamp":"2022-06-08 17:33:45","level":"info","content":"Add Consume Topic: TRADE.USD_USDT._bcts_"}
{"@timestamp":"2022-06-08 17:33:45","level":"info","content":"Add Consume Topic: KLINE.ETH_USDT._bcts_"}
{"@timestamp":"2022-06-08 17:33:45","level":"info","content":"Add Consume Topic: KLINE.BTC_USD._bcts_"}
{"@timestamp":"2022-06-08 17:34:15","level":"info","content":"NewComm, Config: {KafkaConfig:{IP:43.154.179.47:9117} NetServerType:KAFKA SerialType:PROTOBUF}\n"}
{"@timestamp":"2022-06-08 17:34:15","level":"info","content":"KafkaServer.Init, config: {IP:43.154.179.47:9117}\n"}
{"@timestamp":"2022-06-08 17:34:15","level":"info","content":"KafkaServer.InitKafkaApi"}
{"@timestamp":"2022-06-08 17:34:15","level":"info","content":"KafkaServer.InitListenPubChan"}
{"@timestamp":"2022-06-08 17:34:15","level":"info","content":"[S] DBServer start_listen_recvdata"}
{"@timestamp":"2022-06-08 17:34:15","level":"info","content":"[S] DBServer start_receiver Over!"}
{"@timestamp":"2022-06-08 17:34:15","level":"info","content":"CurrConsumeSet: map[]"}
{"@timestamp":"2022-06-08 17:34:15","level":"info","content":"ConsumeSet is Empty!"}
{"@timestamp":"2022-06-08 17:34:15","level":"info","content":"[I] InitMeta: {map[] map[BTC_USD:map[_bcts_:{}] BTC_USDT:map[_bcts_:{}] ETH_USD:map[_bcts_:{}] ETH_USDT:map[_bcts_:{}] USD_USDT:map[_bcts_:{}]] map[BTC_USD:map[_bcts_:{}] BTC_USDT:map[_bcts_:{}] ETH_USD:map[_bcts_:{}] ETH_USDT:map[_bcts_:{}] USD_USDT:map[_bcts_:{}]]} \n"}
{"@timestamp":"2022-06-08 17:34:15","level":"info","content":"Commer Update MetaData"}
{"@timestamp":"2022-06-08 17:34:15","level":"info","content":"---- StatisticTimeTask Start!"}
{"@timestamp":"2022-06-08 17:34:15","level":"info","content":"UpdateMetaData: DepthMetaInfo: \nKlineMeta: ETH_USD \n_bcts_ \nBTC_USDT \n_bcts_ \nETH_USDT \n_bcts_ \nUSD_USDT \n_bcts_ \nBTC_USD \n_bcts_ \n\nTradeMeta: BTC_USDT \n_bcts_ \nETH_USDT \n_bcts_ \nUSD_USDT \n_bcts_ \nBTC_USD \n_bcts_ \nETH_USD \n_bcts_ \n\n"}
{"@timestamp":"2022-06-08 17:34:15","level":"info","content":"NewTopicSet: map[KLINE.BTC_USD._bcts_:0xc000121140 KLINE.BTC_USDT._bcts_:0xc0001210b0 KLINE.ETH_USD._bcts_:0xc000121170 KLINE.ETH_USDT._bcts_:0xc0001210e0 KLINE.USD_USDT._bcts_:0xc000121110 TRADE.BTC_USD._bcts_:0xc0001211d0 TRADE.BTC_USDT._bcts_:0xc000121230 TRADE.ETH_USD._bcts_:0xc000121200 TRADE.ETH_USDT._bcts_:0xc000121260 TRADE.USD_USDT._bcts_:0xc0001211a0]"}
{"@timestamp":"2022-06-08 17:34:15","level":"info","content":"Start Consume Topic: TRADE.BTC_USDT._bcts_"}
{"@timestamp":"2022-06-08 17:34:15","level":"info","content":"Start Consume Topic: KLINE.BTC_USDT._bcts_"}
{"@timestamp":"2022-06-08 17:34:15","level":"info","content":"Start Consume Topic: KLINE.ETH_USDT._bcts_"}
{"@timestamp":"2022-06-08 17:34:15","level":"info","content":"Start Consume Topic: KLINE.ETH_USD._bcts_"}
{"@timestamp":"2022-06-08 17:34:15","level":"info","content":"Start Consume Topic: TRADE.ETH_USD._bcts_"}
{"@timestamp":"2022-06-08 17:34:15","level":"info","content":"Start Consume Topic: TRADE.ETH_USDT._bcts_"}
{"@timestamp":"2022-06-08 17:34:15","level":"info","content":"Start Consume Topic: KLINE.USD_USDT._bcts_"}
{"@timestamp":"2022-06-08 17:34:15","level":"info","content":"Start Consume Topic: KLINE.BTC_USD._bcts_"}
{"@timestamp":"2022-06-08 17:34:15","level":"info","content":"Start Consume Topic: TRADE.USD_USDT._bcts_"}
{"@timestamp":"2022-06-08 17:34:15","level":"info","content":"Start Consume Topic: TRADE.BTC_USD._bcts_"}
{"@timestamp":"2022-06-08 17:34:15","level":"info","content":"Add Consume Topic: TRADE.BTC_USDT._bcts_"}
{"@timestamp":"2022-06-08 17:34:15","level":"info","content":"Add Consume Topic: TRADE.BTC_USD._bcts_"}
{"@timestamp":"2022-06-08 17:34:15","level":"info","content":"Add Consume Topic: KLINE.ETH_USD._bcts_"}
{"@timestamp":"2022-06-08 17:34:15","level":"info","content":"Add Consume Topic: KLINE.ETH_USDT._bcts_"}
{"@timestamp":"2022-06-08 17:34:15","level":"info","content":"Add Consume Topic: KLINE.USD_USDT._bcts_"}
{"@timestamp":"2022-06-08 17:34:15","level":"info","content":"Add Consume Topic: TRADE.ETH_USDT._bcts_"}
{"@timestamp":"2022-06-08 17:34:15","level":"info","content":"Add Consume Topic: KLINE.BTC_USDT._bcts_"}
{"@timestamp":"2022-06-08 17:34:15","level":"info","content":"Add Consume Topic: TRADE.USD_USDT._bcts_"}
{"@timestamp":"2022-06-08 17:34:15","level":"info","content":"Add Consume Topic: TRADE.ETH_USD._bcts_"}
{"@timestamp":"2022-06-08 17:34:15","level":"info","content":"Add Consume Topic: KLINE.BTC_USD._bcts_"}
{"@timestamp":"2022-06-08 17:34:25","level":"info","content":"Statistic Start: 2022-06-08 17:34:15.244407817 +0800 CST m=+0.112079550 \n"}
{"@timestamp":"2022-06-08 17:34:25","level":"info","content":"Statistic End: 2022-06-08 17:34:25.245117863 +0800 CST m=+10.112789605 \n"}
{"@timestamp":"2022-06-08 17:34:35","level":"info","content":"Statistic Start: 2022-06-08 17:34:25.245117863 +0800 CST m=+10.112789605 \n"}
{"@timestamp":"2022-06-08 17:34:35","level":"info","content":"Statistic End: 2022-06-08 17:34:35.244899804 +0800 CST m=+20.112571536 \n"}
{"@timestamp":"2022-06-08 17:34:45","level":"info","content":"Statistic Start: 2022-06-08 17:34:35.244899804 +0800 CST m=+20.112571536 \n"}
{"@timestamp":"2022-06-08 17:34:45","level":"info","content":"[rcv] TRADE.BTC_USDT._bcts_ : 3 "}
{"@timestamp":"2022-06-08 17:34:45","level":"info","content":"Statistic End: 2022-06-08 17:34:45.24637706 +0800 CST m=+30.114048805 \n"}
{"@timestamp":"2022-06-08 17:34:55","level":"info","content":"Statistic Start: 2022-06-08 17:34:45.24637706 +0800 CST m=+30.114048805 \n"}
{"@timestamp":"2022-06-08 17:34:55","level":"info","content":"Statistic End: 2022-06-08 17:34:55.244682466 +0800 CST m=+40.112354207 \n"}
{"@timestamp":"2022-06-08 17:35:05","level":"info","content":"Statistic Start: 2022-06-08 17:34:55.244682466 +0800 CST m=+40.112354207 \n"}
{"@timestamp":"2022-06-08 17:35:05","level":"info","content":"[rcv] TRADE.BTC_USDT._bcts_ : 5 "}
{"@timestamp":"2022-06-08 17:35:05","level":"info","content":"[rcv] KLINE.BTC_USDT._bcts_ : 1 "}
{"@timestamp":"2022-06-08 17:35:05","level":"info","content":"Statistic End: 2022-06-08 17:35:05.2451449 +0800 CST m=+50.112816634 \n"}
{"@timestamp":"2022-06-08 17:35:15","level":"info","content":"Statistic Start: 2022-06-08 17:35:05.2451449 +0800 CST m=+50.112816634 \n"}
{"@timestamp":"2022-06-08 17:35:15","level":"info","content":"[rcv] TRADE.BTC_USDT._bcts_ : 5 "}
{"@timestamp":"2022-06-08 17:35:15","level":"info","content":"Statistic End: 2022-06-08 17:35:15.247036658 +0800 CST m=+60.114708398 \n"}
{"@timestamp":"2022-06-08 17:35:25","level":"info","content":"Statistic Start: 2022-06-08 17:35:15.247036658 +0800 CST m=+60.114708398 \n"}
{"@timestamp":"2022-06-08 17:35:25","level":"info","content":"[rcv] TRADE.BTC_USDT._bcts_ : 2 "}
{"@timestamp":"2022-06-08 17:35:25","level":"info","content":"Statistic End: 2022-06-08 17:35:25.24712725 +0800 CST m=+70.114798996 \n"}
{"@timestamp":"2022-06-08 17:35:35","level":"info","content":"Statistic Start: 2022-06-08 17:35:25.24712725 +0800 CST m=+70.114798996 \n"}
{"@timestamp":"2022-06-08 17:35:35","level":"info","content":"[rcv] TRADE.BTC_USDT._bcts_ : 3 "}
{"@timestamp":"2022-06-08 17:35:35","level":"info","content":"Statistic End: 2022-06-08 17:35:35.245182062 +0800 CST m=+80.112853857 \n"}
{"@timestamp":"2022-06-08 17:35:45","level":"info","content":"Statistic Start: 2022-06-08 17:35:35.245182062 +0800 CST m=+80.112853857 \n"}
{"@timestamp":"2022-06-08 17:35:45","level":"info","content":"Statistic End: 2022-06-08 17:35:45.245084772 +0800 CST m=+90.112756520 \n"}
{"@timestamp":"2022-06-08 17:35:55","level":"info","content":"Statistic Start: 2022-06-08 17:35:45.245084772 +0800 CST m=+90.112756520 \n"}
{"@timestamp":"2022-06-08 17:35:55","level":"info","content":"[rcv] TRADE.BTC_USDT._bcts_ : 4 "}
{"@timestamp":"2022-06-08 17:35:55","level":"info","content":"Statistic End: 2022-06-08 17:35:55.244912706 +0800 CST m=+100.112584439 \n"}
{"@timestamp":"2022-06-08 17:36:05","level":"info","content":"Statistic Start: 2022-06-08 17:35:55.244912706 +0800 CST m=+100.112584439 \n"}
{"@timestamp":"2022-06-08 17:36:05","level":"info","content":"[rcv] TRADE.BTC_USDT._bcts_ : 3 "}
{"@timestamp":"2022-06-08 17:36:05","level":"info","content":"[rcv] KLINE.BTC_USDT._bcts_ : 1 "}
{"@timestamp":"2022-06-08 17:36:05","level":"info","content":"Statistic End: 2022-06-08 17:36:05.244688015 +0800 CST m=+110.112359755 \n"}
{"@timestamp":"2022-06-08 17:36:15","level":"info","content":"Statistic Start: 2022-06-08 17:36:05.244688015 +0800 CST m=+110.112359755 \n"}
{"@timestamp":"2022-06-08 17:36:15","level":"info","content":"[rcv] TRADE.BTC_USDT._bcts_ : 3 "}
{"@timestamp":"2022-06-08 17:36:15","level":"info","content":"Statistic End: 2022-06-08 17:36:15.244940625 +0800 CST m=+120.112612367 \n"}
{"@timestamp":"2022-06-08 17:36:25","level":"info","content":"Statistic Start: 2022-06-08 17:36:15.244940625 +0800 CST m=+120.112612367 \n"}
{"@timestamp":"2022-06-08 17:36:25","level":"info","content":"[rcv] TRADE.BTC_USDT._bcts_ : 1 "}
{"@timestamp":"2022-06-08 17:36:25","level":"info","content":"Statistic End: 2022-06-08 17:36:25.244823155 +0800 CST m=+130.112494898 \n"}
{"@timestamp":"2022-06-08 17:36:35","level":"info","content":"Statistic Start: 2022-06-08 17:36:25.244823155 +0800 CST m=+130.112494898 \n"}
{"@timestamp":"2022-06-08 17:36:35","level":"info","content":"[rcv] TRADE.BTC_USDT._bcts_ : 2 "}
{"@timestamp":"2022-06-08 17:36:35","level":"info","content":"Statistic End: 2022-06-08 17:36:35.245975198 +0800 CST m=+140.113646940 \n"}
{"@timestamp":"2022-06-08 17:36:45","level":"info","content":"Statistic Start: 2022-06-08 17:36:35.245975198 +0800 CST m=+140.113646940 \n"}
{"@timestamp":"2022-06-08 17:36:45","level":"info","content":"[rcv] TRADE.BTC_USDT._bcts_ : 2 "}
{"@timestamp":"2022-06-08 17:36:45","level":"info","content":"Statistic End: 2022-06-08 17:36:45.245878136 +0800 CST m=+150.113549876 \n"}
{"@timestamp":"2022-06-08 17:36:55","level":"info","content":"Statistic Start: 2022-06-08 17:36:45.245878136 +0800 CST m=+150.113549876 \n"}
{"@timestamp":"2022-06-08 17:36:55","level":"info","content":"Statistic End: 2022-06-08 17:36:55.245495992 +0800 CST m=+160.113167768 \n"}
{"@timestamp":"2022-06-08 17:37:05","level":"info","content":"Statistic Start: 2022-06-08 17:36:55.245495992 +0800 CST m=+160.113167768 \n"}
{"@timestamp":"2022-06-08 17:37:05","level":"info","content":"[rcv] TRADE.BTC_USDT._bcts_ : 2 "}
{"@timestamp":"2022-06-08 17:37:05","level":"info","content":"[rcv] KLINE.BTC_USDT._bcts_ : 1 "}
{"@timestamp":"2022-06-08 17:37:05","level":"info","content":"Statistic End: 2022-06-08 17:37:05.244605574 +0800 CST m=+170.112277317 \n"}
{"@timestamp":"2022-06-08 17:37:15","level":"info","content":"Statistic Start: 2022-06-08 17:37:05.244605574 +0800 CST m=+170.112277317 \n"}
{"@timestamp":"2022-06-08 17:37:15","level":"info","content":"[rcv] TRADE.BTC_USDT._bcts_ : 1 "}
{"@timestamp":"2022-06-08 17:37:15","level":"info","content":"Statistic End: 2022-06-08 17:37:15.245385421 +0800 CST m=+180.113057200 \n"}
{"@timestamp":"2022-06-08 17:37:25","level":"info","content":"Statistic Start: 2022-06-08 17:37:15.245385421 +0800 CST m=+180.113057200 \n"}
{"@timestamp":"2022-06-08 17:37:25","level":"info","content":"Statistic End: 2022-06-08 17:37:25.244521004 +0800 CST m=+190.112192744 \n"}
{"@timestamp":"2022-06-08 17:37:35","level":"info","content":"Statistic Start: 2022-06-08 17:37:25.244521004 +0800 CST m=+190.112192744 \n"}
{"@timestamp":"2022-06-08 17:37:35","level":"info","content":"[rcv] TRADE.BTC_USDT._bcts_ : 1 "}
{"@timestamp":"2022-06-08 17:37:35","level":"info","content":"Statistic End: 2022-06-08 17:37:35.244682433 +0800 CST m=+200.112354224 \n"}
{"@timestamp":"2022-06-08 17:37:45","level":"info","content":"Statistic Start: 2022-06-08 17:37:35.244682433 +0800 CST m=+200.112354224 \n"}
{"@timestamp":"2022-06-08 17:37:45","level":"info","content":"[rcv] TRADE.BTC_USDT._bcts_ : 5 "}
{"@timestamp":"2022-06-08 17:37:45","level":"info","content":"Statistic End: 2022-06-08 17:37:45.246163582 +0800 CST m=+210.113835331 \n"}
{"@timestamp":"2022-06-08 17:37:55","level":"info","content":"Statistic Start: 2022-06-08 17:37:45.246163582 +0800 CST m=+210.113835331 \n"}
{"@timestamp":"2022-06-08 17:37:55","level":"info","content":"[rcv] TRADE.BTC_USDT._bcts_ : 7 "}
{"@timestamp":"2022-06-08 17:37:55","level":"info","content":"Statistic End: 2022-06-08 17:37:55.244940559 +0800 CST m=+220.112612353 \n"}
{"@timestamp":"2022-06-08 17:38:05","level":"info","content":"Statistic Start: 2022-06-08 17:37:55.244940559 +0800 CST m=+220.112612353 \n"}
{"@timestamp":"2022-06-08 17:38:05","level":"info","content":"[rcv] KLINE.BTC_USDT._bcts_ : 1 "}
{"@timestamp":"2022-06-08 17:38:05","level":"info","content":"Statistic End: 2022-06-08 17:38:05.246198462 +0800 CST m=+230.113870197 \n"}
{"@timestamp":"2022-06-08 17:38:15","level":"info","content":"Statistic Start: 2022-06-08 17:38:05.246198462 +0800 CST m=+230.113870197 \n"}
{"@timestamp":"2022-06-08 17:38:15","level":"info","content":"[rcv] TRADE.BTC_USDT._bcts_ : 2 "}
{"@timestamp":"2022-06-08 17:38:15","level":"info","content":"Statistic End: 2022-06-08 17:38:15.2445371 +0800 CST m=+240.112208841 \n"}
{"@timestamp":"2022-06-08 17:38:25","level":"info","content":"Statistic Start: 2022-06-08 17:38:15.2445371 +0800 CST m=+240.112208841 \n"}
{"@timestamp":"2022-06-08 17:38:25","level":"info","content":"[rcv] TRADE.BTC_USDT._bcts_ : 5 "}
{"@timestamp":"2022-06-08 17:38:25","level":"info","content":"Statistic End: 2022-06-08 17:38:25.246222017 +0800 CST m=+250.113893755 \n"}
{"@timestamp":"2022-06-08 17:38:35","level":"info","content":"Statistic Start: 2022-06-08 17:38:25.246222017 +0800 CST m=+250.113893755 \n"}
{"@timestamp":"2022-06-08 17:38:35","level":"info","content":"[rcv] TRADE.BTC_USDT._bcts_ : 13 "}
{"@timestamp":"2022-06-08 17:38:35","level":"info","content":"Statistic End: 2022-06-08 17:38:35.24527782 +0800 CST m=+260.112949602 \n"}
{"@timestamp":"2022-06-08 17:38:45","level":"info","content":"Statistic Start: 2022-06-08 17:38:35.24527782 +0800 CST m=+260.112949602 \n"}
{"@timestamp":"2022-06-08 17:38:45","level":"info","content":"[rcv] TRADE.BTC_USDT._bcts_ : 6 "}
{"@timestamp":"2022-06-08 17:38:45","level":"info","content":"Statistic End: 2022-06-08 17:38:45.24519771 +0800 CST m=+270.112869464 \n"}
{"@timestamp":"2022-06-08 17:38:55","level":"info","content":"Statistic Start: 2022-06-08 17:38:45.24519771 +0800 CST m=+270.112869464 \n"}
{"@timestamp":"2022-06-08 17:38:55","level":"info","content":"[rcv] TRADE.BTC_USDT._bcts_ : 7 "}
{"@timestamp":"2022-06-08 17:38:55","level":"info","content":"Statistic End: 2022-06-08 17:38:55.245025388 +0800 CST m=+280.112697173 \n"}
{"@timestamp":"2022-06-08 17:39:05","level":"info","content":"Statistic Start: 2022-06-08 17:38:55.245025388 +0800 CST m=+280.112697173 \n"}
{"@timestamp":"2022-06-08 17:39:05","level":"info","content":"[rcv] TRADE.BTC_USDT._bcts_ : 4 "}
{"@timestamp":"2022-06-08 17:39:05","level":"info","content":"[rcv] KLINE.BTC_USDT._bcts_ : 1 "}
{"@timestamp":"2022-06-08 17:39:05","level":"info","content":"Statistic End: 2022-06-08 17:39:05.24477681 +0800 CST m=+290.112448553 \n"}
{"@timestamp":"2022-06-08 17:39:15","level":"info","content":"Statistic Start: 2022-06-08 17:39:05.24477681 +0800 CST m=+290.112448553 \n"}
{"@timestamp":"2022-06-08 17:39:15","level":"info","content":"[rcv] TRADE.BTC_USDT._bcts_ : 4 "}
{"@timestamp":"2022-06-08 17:39:15","level":"info","content":"Statistic End: 2022-06-08 17:39:15.24540777 +0800 CST m=+300.113079506 \n"}
{"@timestamp":"2022-06-08 17:39:25","level":"info","content":"Statistic Start: 2022-06-08 17:39:15.24540777 +0800 CST m=+300.113079506 \n"}
{"@timestamp":"2022-06-08 17:39:25","level":"info","content":"[rcv] TRADE.BTC_USDT._bcts_ : 2 "}
{"@timestamp":"2022-06-08 17:39:25","level":"info","content":"Statistic End: 2022-06-08 17:39:25.250127691 +0800 CST m=+310.117799432 \n"}
{"@timestamp":"2022-06-08 17:39:35","level":"info","content":"Statistic Start: 2022-06-08 17:39:25.250127691 +0800 CST m=+310.117799432 \n"}
{"@timestamp":"2022-06-08 17:39:35","level":"info","content":"[rcv] TRADE.BTC_USDT._bcts_ : 3 "}
{"@timestamp":"2022-06-08 17:39:35","level":"info","content":"Statistic End: 2022-06-08 17:39:35.246256237 +0800 CST m=+320.113928025 \n"}
{"@timestamp":"2022-06-08 17:39:45","level":"info","content":"Statistic Start: 2022-06-08 17:39:35.246256237 +0800 CST m=+320.113928025 \n"}
{"@timestamp":"2022-06-08 17:39:45","level":"info","content":"Statistic End: 2022-06-08 17:39:45.249102805 +0800 CST m=+330.116774549 \n"}
{"@timestamp":"2022-06-08 17:39:55","level":"info","content":"Statistic Start: 2022-06-08 17:39:45.249102805 +0800 CST m=+330.116774549 \n"}
{"@timestamp":"2022-06-08 17:39:55","level":"info","content":"[rcv] TRADE.BTC_USDT._bcts_ : 2 "}
{"@timestamp":"2022-06-08 17:39:55","level":"info","content":"Statistic End: 2022-06-08 17:39:55.245616642 +0800 CST m=+340.113288430 \n"}
{"@timestamp":"2022-06-08 17:40:05","level":"info","content":"Statistic Start: 2022-06-08 17:39:55.245616642 +0800 CST m=+340.113288430 \n"}
{"@timestamp":"2022-06-08 17:40:05","level":"info","content":"[rcv] TRADE.BTC_USDT._bcts_ : 4 "}
{"@timestamp":"2022-06-08 17:40:05","level":"info","content":"[rcv] KLINE.BTC_USDT._bcts_ : 1 "}
{"@timestamp":"2022-06-08 17:40:05","level":"info","content":"Statistic End: 2022-06-08 17:40:05.245502127 +0800 CST m=+350.113173870 \n"}
{"@timestamp":"2022-06-08 17:40:15","level":"info","content":"Statistic Start: 2022-06-08 17:40:05.245502127 +0800 CST m=+350.113173870 \n"}
{"@timestamp":"2022-06-08 17:40:15","level":"info","content":"[rcv] TRADE.BTC_USDT._bcts_ : 1 "}
{"@timestamp":"2022-06-08 17:40:15","level":"info","content":"Statistic End: 2022-06-08 17:40:15.244575805 +0800 CST m=+360.112247584 \n"}
{"@timestamp":"2022-06-08 17:40:25","level":"info","content":"Statistic Start: 2022-06-08 17:40:15.244575805 +0800 CST m=+360.112247584 \n"}
{"@timestamp":"2022-06-08 17:40:25","level":"info","content":"[rcv] TRADE.BTC_USDT._bcts_ : 6 "}
{"@timestamp":"2022-06-08 17:40:25","level":"info","content":"Statistic End: 2022-06-08 17:40:25.248207271 +0800 CST m=+370.115879018 \n"}
{"@timestamp":"2022-06-08 17:40:35","level":"info","content":"Statistic Start: 2022-06-08 17:40:25.248207271 +0800 CST m=+370.115879018 \n"}
{"@timestamp":"2022-06-08 17:40:35","level":"info","content":"[rcv] TRADE.BTC_USDT._bcts_ : 4 "}
{"@timestamp":"2022-06-08 17:40:35","level":"info","content":"Statistic End: 2022-06-08 17:40:35.244742733 +0800 CST m=+380.112414472 \n"}
{"@timestamp":"2022-06-08 17:40:45","level":"info","content":"Statistic Start: 2022-06-08 17:40:35.244742733 +0800 CST m=+380.112414472 \n"}
{"@timestamp":"2022-06-08 17:40:45","level":"info","content":"[rcv] TRADE.BTC_USDT._bcts_ : 2 "}
{"@timestamp":"2022-06-08 17:40:45","level":"info","content":"Statistic End: 2022-06-08 17:40:45.244765813 +0800 CST m=+390.112437567 \n"}
{"@timestamp":"2022-06-08 17:40:55","level":"info","content":"Statistic Start: 2022-06-08 17:40:45.244765813 +0800 CST m=+390.112437567 \n"}
{"@timestamp":"2022-06-08 17:40:55","level":"info","content":"[rcv] TRADE.BTC_USDT._bcts_ : 1 "}
{"@timestamp":"2022-06-08 17:40:55","level":"info","content":"Statistic End: 2022-06-08 17:40:55.245145769 +0800 CST m=+400.112817512 \n"}
{"@timestamp":"2022-06-08 17:41:05","level":"info","content":"Statistic Start: 2022-06-08 17:40:55.245145769 +0800 CST m=+400.112817512 \n"}
{"@timestamp":"2022-06-08 17:41:05","level":"info","content":"[rcv] TRADE.BTC_USDT._bcts_ : 1 "}
{"@timestamp":"2022-06-08 17:41:05","level":"info","content":"[rcv] KLINE.BTC_USDT._bcts_ : 1 "}
{"@timestamp":"2022-06-08 17:41:05","level":"info","content":"Statistic End: 2022-06-08 17:41:05.246650821 +0800 CST m=+410.114322556 \n"}
{"@timestamp":"2022-06-08 17:41:15","level":"info","content":"Statistic Start: 2022-06-08 17:41:05.246650821 +0800 CST m=+410.114322556 \n"}
{"@timestamp":"2022-06-08 17:41:15","level":"info","content":"[rcv] TRADE.BTC_USDT._bcts_ : 1 "}
{"@timestamp":"2022-06-08 17:41:15","level":"info","content":"Statistic End: 2022-06-08 17:41:15.245324422 +0800 CST m=+420.112996204 \n"}
{"@timestamp":"2022-06-08 17:41:25","level":"info","content":"Statistic Start: 2022-06-08 17:41:15.245324422 +0800 CST m=+420.112996204 \n"}
{"@timestamp":"2022-06-08 17:41:25","level":"info","content":"Statistic End: 2022-06-08 17:41:25.244916214 +0800 CST m=+430.112587949 \n"}
{"@timestamp":"2022-06-08 17:41:35","level":"info","content":"Statistic Start: 2022-06-08 17:41:25.244916214 +0800 CST m=+430.112587949 \n"}
{"@timestamp":"2022-06-08 17:41:35","level":"info","content":"Statistic End: 2022-06-08 17:41:35.244596161 +0800 CST m=+440.112267902 \n"}
{"@timestamp":"2022-06-08 17:41:45","level":"info","content":"Statistic Start: 2022-06-08 17:41:35.244596161 +0800 CST m=+440.112267902 \n"}
{"@timestamp":"2022-06-08 17:41:45","level":"info","content":"[rcv] TRADE.BTC_USDT._bcts_ : 1 "}
{"@timestamp":"2022-06-08 17:41:45","level":"info","content":"Statistic End: 2022-06-08 17:41:45.247301041 +0800 CST m=+450.114972789 \n"}
{"@timestamp":"2022-06-08 17:41:55","level":"info","content":"Statistic Start: 2022-06-08 17:41:45.247301041 +0800 CST m=+450.114972789 \n"}
{"@timestamp":"2022-06-08 17:41:55","level":"info","content":"Statistic End: 2022-06-08 17:41:55.245602747 +0800 CST m=+460.113274500 \n"}
{"@timestamp":"2022-06-08 17:42:05","level":"info","content":"Statistic Start: 2022-06-08 17:41:55.245602747 +0800 CST m=+460.113274500 \n"}
{"@timestamp":"2022-06-08 17:42:05","level":"info","content":"[rcv] TRADE.BTC_USDT._bcts_ : 1 "}
{"@timestamp":"2022-06-08 17:42:05","level":"info","content":"[rcv] KLINE.BTC_USDT._bcts_ : 1 "}
{"@timestamp":"2022-06-08 17:42:05","level":"info","content":"Statistic End: 2022-06-08 17:42:05.245100375 +0800 CST m=+470.112772121 \n"}
{"@timestamp":"2022-06-08 17:42:15","level":"info","content":"Statistic Start: 2022-06-08 17:42:05.245100375 +0800 CST m=+470.112772121 \n"}
{"@timestamp":"2022-06-08 17:42:15","level":"info","content":"Statistic End: 2022-06-08 17:42:15.244590317 +0800 CST m=+480.112262057 \n"}
{"@timestamp":"2022-06-08 17:42:25","level":"info","content":"Statistic Start: 2022-06-08 17:42:15.244590317 +0800 CST m=+480.112262057 \n"}
{"@timestamp":"2022-06-08 17:42:25","level":"info","content":"[rcv] TRADE.BTC_USDT._bcts_ : 4 "}
{"@timestamp":"2022-06-08 17:42:25","level":"info","content":"Statistic End: 2022-06-08 17:42:25.245081984 +0800 CST m=+490.112753725 \n"}
{"@timestamp":"2022-06-08 17:42:35","level":"info","content":"Statistic Start: 2022-06-08 17:42:25.245081984 +0800 CST m=+490.112753725 \n"}
{"@timestamp":"2022-06-08 17:42:35","level":"info","content":"[rcv] TRADE.BTC_USDT._bcts_ : 1 "}
{"@timestamp":"2022-06-08 17:42:35","level":"info","content":"Statistic End: 2022-06-08 17:42:35.244694577 +0800 CST m=+500.112366331 \n"}
{"@timestamp":"2022-06-08 17:42:45","level":"info","content":"Statistic Start: 2022-06-08 17:42:35.244694577 +0800 CST m=+500.112366331 \n"}
{"@timestamp":"2022-06-08 17:42:45","level":"info","content":"[rcv] TRADE.BTC_USDT._bcts_ : 3 "}
{"@timestamp":"2022-06-08 17:42:45","level":"info","content":"Statistic End: 2022-06-08 17:42:45.245814408 +0800 CST m=+510.113486149 \n"}
{"@timestamp":"2022-06-08 17:42:55","level":"info","content":"Statistic Start: 2022-06-08 17:42:45.245814408 +0800 CST m=+510.113486149 \n"}
{"@timestamp":"2022-06-08 17:42:55","level":"info","content":"[rcv] TRADE.BTC_USDT._bcts_ : 4 "}
{"@timestamp":"2022-06-08 17:42:55","level":"info","content":"Statistic End: 2022-06-08 17:42:55.244924138 +0800 CST m=+520.112595904 \n"}
{"@timestamp":"2022-06-08 17:43:05","level":"info","content":"Statistic Start: 2022-06-08 17:42:55.244924138 +0800 CST m=+520.112595904 \n"}
{"@timestamp":"2022-06-08 17:43:05","level":"info","content":"[rcv] TRADE.BTC_USDT._bcts_ : 13 "}
{"@timestamp":"2022-06-08 17:43:05","level":"info","content":"[rcv] KLINE.BTC_USDT._bcts_ : 1 "}
{"@timestamp":"2022-06-08 17:43:05","level":"info","content":"Statistic End: 2022-06-08 17:43:05.24538874 +0800 CST m=+530.113060485 \n"}
{"@timestamp":"2022-06-08 17:43:15","level":"info","content":"Statistic Start: 2022-06-08 17:43:05.24538874 +0800 CST m=+530.113060485 \n"}
{"@timestamp":"2022-06-08 17:43:15","level":"info","content":"[rcv] TRADE.BTC_USDT._bcts_ : 5 "}
{"@timestamp":"2022-06-08 17:43:15","level":"info","content":"Statistic End: 2022-06-08 17:43:15.244495524 +0800 CST m=+540.112167265 \n"}
{"@timestamp":"2022-06-08 17:43:25","level":"info","content":"Statistic Start: 2022-06-08 17:43:15.244495524 +0800 CST m=+540.112167265 \n"}
{"@timestamp":"2022-06-08 17:43:25","level":"info","content":"Statistic End: 2022-06-08 17:43:25.245207081 +0800 CST m=+550.112878817 \n"}
{"@timestamp":"2022-06-08 17:43:35","level":"info","content":"Statistic Start: 2022-06-08 17:43:25.245207081 +0800 CST m=+550.112878817 \n"}
{"@timestamp":"2022-06-08 17:43:35","level":"info","content":"[rcv] TRADE.BTC_USDT._bcts_ : 5 "}
{"@timestamp":"2022-06-08 17:43:35","level":"info","content":"Statistic End: 2022-06-08 17:43:35.245744217 +0800 CST m=+560.113415963 \n"}
{"@timestamp":"2022-06-08 17:43:45","level":"info","content":"Statistic Start: 2022-06-08 17:43:35.245744217 +0800 CST m=+560.113415963 \n"}
{"@timestamp":"2022-06-08 17:43:45","level":"info","content":"Statistic End: 2022-06-08 17:43:45.245313561 +0800 CST m=+570.112985303 \n"}
{"@timestamp":"2022-06-08 17:43:55","level":"info","content":"Statistic Start: 2022-06-08 17:43:45.245313561 +0800 CST m=+570.112985303 \n"}
{"@timestamp":"2022-06-08 17:43:55","level":"info","content":"Statistic End: 2022-06-08 17:43:55.245371898 +0800 CST m=+580.113043639 \n"}
{"@timestamp":"2022-06-08 17:44:05","level":"info","content":"Statistic Start: 2022-06-08 17:43:55.245371898 +0800 CST m=+580.113043639 \n"}
{"@timestamp":"2022-06-08 17:44:05","level":"info","content":"[rcv] KLINE.BTC_USDT._bcts_ : 1 "}
{"@timestamp":"2022-06-08 17:44:05","level":"info","content":"Statistic End: 2022-06-08 17:44:05.246309683 +0800 CST m=+590.113981463 \n"}
{"@timestamp":"2022-06-08 17:44:15","level":"info","content":"Statistic Start: 2022-06-08 17:44:05.246309683 +0800 CST m=+590.113981463 \n"}
{"@timestamp":"2022-06-08 17:44:15","level":"info","content":"[rcv] TRADE.BTC_USDT._bcts_ : 6 "}
{"@timestamp":"2022-06-08 17:44:15","level":"info","content":"Statistic End: 2022-06-08 17:44:15.244669127 +0800 CST m=+600.112340868 \n"}
{"@timestamp":"2022-06-08 17:44:25","level":"info","content":"Statistic Start: 2022-06-08 17:44:15.244669127 +0800 CST m=+600.112340868 \n"}
{"@timestamp":"2022-06-08 17:44:25","level":"info","content":"[rcv] TRADE.BTC_USDT._bcts_ : 7 "}
{"@timestamp":"2022-06-08 17:44:25","level":"info","content":"Statistic End: 2022-06-08 17:44:25.245151265 +0800 CST m=+610.112823015 \n"}
{"@timestamp":"2022-06-08 17:44:35","level":"info","content":"Statistic Start: 2022-06-08 17:44:25.245151265 +0800 CST m=+610.112823015 \n"}
{"@timestamp":"2022-06-08 17:44:35","level":"info","content":"[rcv] TRADE.BTC_USDT._bcts_ : 8 "}
{"@timestamp":"2022-06-08 17:44:35","level":"info","content":"Statistic End: 2022-06-08 17:44:35.245555916 +0800 CST m=+620.113227665 \n"}
